Base path: C:/Program Files (x86)/Unity/Editor/Data
Pipe name: \\.\pipe\UnityShaderCompiler-3-3844
Cmd: getPlatforms
Cmd: compileSnippet
  api=8 type=0 insize=5046 outsize=5013 kw=DIRECTIONAL SHADOWS_OFF LIGHTMAP_OFF DIRLIGHTMAP_OFF ok=1
Cmd: compileSnippet
  api=0 type=0 insize=5046 outsize=1889 kw=DIRECTIONAL SHADOWS_SCREEN LIGHTMAP_OFF DIRLIGHTMAP_OFF VERTEXLIGHT_ON ok=1
Cmd: compileSnippet
  api=0 type=1 insize=5046 outsize=710 kw=DIRECTIONAL SHADOWS_SCREEN LIGHTMAP_OFF DIRLIGHTMAP_OFF ok=1
Cmd: compileSnippet
  api=4 type=1 insize=5046 outsize=2217 kw=DIRECTIONAL SHADOWS_SCREEN LIGHTMAP_OFF DIRLIGHTMAP_OFF ok=1
Cmd: compileSnippet
  api=4 type=0 insize=19247 outsize=1298 kw= ok=1
Cmd: compileSnippet
  api=4 type=1 insize=19240 outsize=2558 kw= ok=1
Cmd: compileSnippet
  api=4 type=1 insize=19251 outsize=2095 kw= ok=1
Cmd: compileSnippet
  api=0 type=1 insize=19247 outsize=6 kw= ok=1
Cmd: compileSnippet
  api=0 type=1 insize=19257 outsize=6 kw= ok=1
Cmd: compileSnippet
  api=4 type=1 insize=19250 outsize=1217 kw= ok=1
Cmd: compileSnippet
  api=4 type=0 insize=19247 outsize=1298 kw= ok=1
Cmd: compileSnippet
  api=4 type=0 insize=19255 outsize=1298 kw= ok=1
Cmd: compileSnippet
  api=4 type=0 insize=19265 outsize=2095 kw= ok=1
Cmd: compileSnippet
  api=4 type=1 insize=19265 outsize=4654 kw= ok=1
Cmd: compileSnippet
  api=0 type=0 insize=19245 outsize=1652 kw= ok=1
Cmd: compileSnippet
  api=4 type=0 insize=19262 outsize=1298 kw= ok=1
Cmd: compileSnippet
  api=4 type=1 insize=19262 outsize=648 kw= ok=1
Cmd: compileSnippet
  api=0 type=0 insize=4780 outsize=792 kw=DIRECTIONAL LIGHTMAP_ON DIRLIGHTMAP_OFF ok=1
Cmd: compileSnippet
  api=8 type=0 insize=4780 outsize=3551 kw=DIRECTIONAL LIGHTMAP_ON DIRLIGHTMAP_OFF ok=1
Cmd: compileSnippet
  api=4 type=0 insize=4780 outsize=5280 kw=DIRECTIONAL LIGHTMAP_OFF DIRLIGHTMAP_OFF VERTEXLIGHT_ON ok=1
Cmd: compileSnippet
  api=4 type=1 insize=4780 outsize=1648 kw=DIRECTIONAL LIGHTMAP_OFF DIRLIGHTMAP_OFF ok=1
Cmd: compileSnippet
  api=8 type=1 insize=4780 outsize=2162 kw=DIRECTIONAL LIGHTMAP_ON DIRLIGHTMAP_OFF ok=1
Cmd: compileSnippet
  api=0 type=0 insize=2465 outsize=560 kw=DIRECTIONAL ok=1
Cmd: compileSnippet
  api=8 type=0 insize=2465 outsize=2608 kw=DIRECTIONAL ok=1
Cmd: compileSnippet
  api=8 type=0 insize=2465 outsize=4128 kw=SPOT ok=1
Cmd: compileSnippet
  api=1 type=0 insize=2465 outsize=359 kw=DIRECTIONAL_COOKIE ok=1
Cmd: compileSnippet
  api=4 type=1 insize=2465 outsize=1607 kw=POINT ok=1
Cmd: compileSnippet
  api=0 type=1 insize=2465 outsize=756 kw=SPOT ok=1
Cmd: compileSnippet
  api=8 type=1 insize=2465 outsize=3088 kw=SPOT ok=1
Cmd: compileSnippet
  api=4 type=1 insize=2465 outsize=1396 kw=DIRECTIONAL_COOKIE ok=1
Cmd: compileSnippet
  api=4 type=0 insize=2950 outsize=673 kw=LIGHT_ON_SCREEN DIRECTIONAL_SHAFTS ok=1
Cmd: compileSnippet
  api=4 type=0 insize=2950 outsize=673 kw=LIGHT_ON_SCREEN SPOT_SHAFTS ok=1
Cmd: compileSnippet
  api=1 type=0 insize=2950 outsize=99 kw=DIRECTIONAL_SHAFTS LIGHT_OFF_SCREEN ok=1
Cmd: compileSnippet
  api=4 type=0 insize=2950 outsize=673 kw=DIRECTIONAL_SHAFTS LIGHT_OFF_SCREEN ok=1
Cmd: compileSnippet
  api=1 type=0 insize=2950 outsize=99 kw=SPOT_SHAFTS LIGHT_OFF_SCREEN ok=1
Cmd: compileSnippet
  api=1 type=1 insize=2950 outsize=2604 kw=LIGHT_ON_SCREEN SPOT_SHAFTS ok=1
Cmd: compileSnippet
  api=1 type=1 insize=2950 outsize=2553 kw=DIRECTIONAL_SHAFTS LIGHT_OFF_SCREEN ok=1
Cmd: compileSnippet
  api=4 type=1 insize=2950 outsize=8050 kw=SPOT_SHAFTS LIGHT_OFF_SCREEN ok=1
Cmd: compileSnippet
  api=1 type=0 insize=6815 outsize=156 kw=LIGHT_ON_SCREEN DIRECTIONAL_SHAFTS SHOW_SAMPLES_OFF QUAD_SHAFTS FLIP_WORKAROUND_ON ok=1
Cmd: compileSnippet
  api=4 type=0 insize=6815 outsize=673 kw=LIGHT_ON_SCREEN DIRECTIONAL_SHAFTS SHOW_SAMPLES_OFF QUAD_SHAFTS FLIP_WORKAROUND_ON ok=1
Cmd: compileSnippet
  api=1 type=0 insize=6815 outsize=253 kw=LIGHT_ON_SCREEN SPOT_SHAFTS SHOW_SAMPLES_OFF QUAD_SHAFTS FLIP_WORKAROUND_OFF ok=1
Cmd: compileSnippet
  api=4 type=0 insize=6815 outsize=868 kw=LIGHT_ON_SCREEN SPOT_SHAFTS SHOW_SAMPLES_OFF QUAD_SHAFTS FLIP_WORKAROUND_OFF ok=1
Cmd: compileSnippet
  api=0 type=0 insize=6815 outsize=6260 kw=LIGHT_ON_SCREEN SPOT_SHAFTS SHOW_SAMPLES_OFF QUAD_SHAFTS FLIP_WORKAROUND_ON ok=1
Cmd: compileSnippet
  api=4 type=0 insize=6815 outsize=1006 kw=LIGHT_ON_SCREEN DIRECTIONAL_SHAFTS SHOW_SAMPLES_OFF FLIP_WORKAROUND_ON FRUSTUM_SHAFTS ok=1
Cmd: compileSnippet
  api=4 type=0 insize=6815 outsize=1185 kw=LIGHT_ON_SCREEN SPOT_SHAFTS SHOW_SAMPLES_OFF FLIP_WORKAROUND_OFF FRUSTUM_SHAFTS ok=1
Cmd: compileSnippet
  api=0 type=0 insize=6815 outsize=6352 kw=LIGHT_ON_SCREEN SPOT_SHAFTS SHOW_SAMPLES_OFF FLIP_WORKAROUND_ON FRUSTUM_SHAFTS ok=1
Cmd: compileSnippet
  api=0 type=0 insize=6815 outsize=6595 kw=LIGHT_ON_SCREEN SPOT_SHAFTS QUAD_SHAFTS FLIP_WORKAROUND_OFF SHOW_SAMPLES_ON ok=1
Cmd: compileSnippet
  api=4 type=0 insize=6815 outsize=1185 kw=LIGHT_ON_SCREEN DIRECTIONAL_SHAFTS FLIP_WORKAROUND_OFF FRUSTUM_SHAFTS SHOW_SAMPLES_ON ok=1
Cmd: compileSnippet
  api=1 type=0 insize=6815 outsize=185 kw=LIGHT_ON_SCREEN DIRECTIONAL_SHAFTS FLIP_WORKAROUND_ON FRUSTUM_SHAFTS SHOW_SAMPLES_ON ok=1
Cmd: compileSnippet
  api=1 type=0 insize=6815 outsize=297 kw=LIGHT_ON_SCREEN SPOT_SHAFTS FLIP_WORKAROUND_OFF FRUSTUM_SHAFTS SHOW_SAMPLES_ON ok=1
Cmd: compileSnippet
  api=1 type=0 insize=6815 outsize=185 kw=LIGHT_ON_SCREEN SPOT_SHAFTS FLIP_WORKAROUND_ON FRUSTUM_SHAFTS SHOW_SAMPLES_ON ok=1
Cmd: compileSnippet
  api=1 type=0 insize=6815 outsize=253 kw=DIRECTIONAL_SHAFTS LIGHT_OFF_SCREEN SHOW_SAMPLES_OFF QUAD_SHAFTS FLIP_WORKAROUND_OFF ok=1
Cmd: compileSnippet
  api=4 type=0 insize=6815 outsize=868 kw=DIRECTIONAL_SHAFTS LIGHT_OFF_SCREEN SHOW_SAMPLES_OFF QUAD_SHAFTS FLIP_WORKAROUND_OFF ok=1
Cmd: compileSnippet
  api=1 type=0 insize=6815 outsize=156 kw=DIRECTIONAL_SHAFTS LIGHT_OFF_SCREEN SHOW_SAMPLES_OFF QUAD_SHAFTS FLIP_WORKAROUND_ON ok=1
Cmd: compileSnippet
  api=4 type=0 insize=6815 outsize=673 kw=DIRECTIONAL_SHAFTS LIGHT_OFF_SCREEN SHOW_SAMPLES_OFF QUAD_SHAFTS FLIP_WORKAROUND_ON ok=1
Cmd: compileSnippet
  api=1 type=0 insize=6815 outsize=253 kw=SPOT_SHAFTS LIGHT_OFF_SCREEN SHOW_SAMPLES_OFF QUAD_SHAFTS FLIP_WORKAROUND_OFF ok=1
Cmd: compileSnippet
  api=4 type=0 insize=6815 outsize=868 kw=SPOT_SHAFTS LIGHT_OFF_SCREEN SHOW_SAMPLES_OFF QUAD_SHAFTS FLIP_WORKAROUND_OFF ok=1
Cmd: compileSnippet
  api=0 type=0 insize=6815 outsize=7025 kw=SPOT_SHAFTS LIGHT_OFF_SCREEN SHOW_SAMPLES_OFF QUAD_SHAFTS FLIP_WORKAROUND_ON ok=1
Cmd: compileSnippet
  api=1 type=0 insize=6815 outsize=297 kw=DIRECTIONAL_SHAFTS LIGHT_OFF_SCREEN SHOW_SAMPLES_OFF FLIP_WORKAROUND_OFF FRUSTUM_SHAFTS ok=1
Cmd: compileSnippet
  api=4 type=0 insize=6815 outsize=1006 kw=DIRECTIONAL_SHAFTS LIGHT_OFF_SCREEN SHOW_SAMPLES_OFF FLIP_WORKAROUND_ON FRUSTUM_SHAFTS ok=1
Cmd: compileSnippet
  api=4 type=0 insize=6815 outsize=1185 kw=SPOT_SHAFTS LIGHT_OFF_SCREEN SHOW_SAMPLES_OFF FLIP_WORKAROUND_OFF FRUSTUM_SHAFTS ok=1
Cmd: compileSnippet
  api=4 type=0 insize=6815 outsize=1006 kw=SPOT_SHAFTS LIGHT_OFF_SCREEN SHOW_SAMPLES_OFF FLIP_WORKAROUND_ON FRUSTUM_SHAFTS ok=1
Cmd: compileSnippet
  api=0 type=0 insize=6815 outsize=6178 kw=DIRECTIONAL_SHAFTS LIGHT_OFF_SCREEN QUAD_SHAFTS FLIP_WORKAROUND_OFF SHOW_SAMPLES_ON ok=1
Cmd: compileSnippet
  api=0 type=0 insize=6815 outsize=7360 kw=SPOT_SHAFTS LIGHT_OFF_SCREEN QUAD_SHAFTS FLIP_WORKAROUND_ON SHOW_SAMPLES_ON ok=1
Cmd: compileSnippet
  api=0 type=0 insize=6815 outsize=7444 kw=SPOT_SHAFTS LIGHT_OFF_SCREEN FLIP_WORKAROUND_OFF FRUSTUM_SHAFTS SHOW_SAMPLES_ON ok=1
Cmd: compileSnippet
  api=0 type=1 insize=6815 outsize=6 kw=LIGHT_ON_SCREEN DIRECTIONAL_SHAFTS SHOW_SAMPLES_OFF QUAD_SHAFTS FLIP_WORKAROUND_ON ok=1
Cmd: compileSnippet
  api=0 type=1 insize=6815 outsize=6 kw=LIGHT_ON_SCREEN SPOT_SHAFTS SHOW_SAMPLES_OFF QUAD_SHAFTS FLIP_WORKAROUND_OFF ok=1
Cmd: compileSnippet
  api=1 type=1 insize=6815 outsize=3763 kw=LIGHT_ON_SCREEN SPOT_SHAFTS SHOW_SAMPLES_OFF QUAD_SHAFTS FLIP_WORKAROUND_OFF ok=1
Cmd: compileSnippet
  api=0 type=1 insize=6815 outsize=6 kw=LIGHT_ON_SCREEN SPOT_SHAFTS SHOW_SAMPLES_OFF QUAD_SHAFTS FLIP_WORKAROUND_ON ok=1
Cmd: compileSnippet
  api=1 type=1 insize=6815 outsize=3763 kw=LIGHT_ON_SCREEN SPOT_SHAFTS SHOW_SAMPLES_OFF QUAD_SHAFTS FLIP_WORKAROUND_ON ok=1
Cmd: compileSnippet
  api=4 type=1 insize=6815 outsize=9423 kw=LIGHT_ON_SCREEN SPOT_SHAFTS SHOW_SAMPLES_OFF QUAD_SHAFTS FLIP_WORKAROUND_ON ok=1
Cmd: compileSnippet
  api=4 type=1 insize=6815 outsize=9700 kw=LIGHT_ON_SCREEN SPOT_SHAFTS SHOW_SAMPLES_OFF FLIP_WORKAROUND_OFF FRUSTUM_SHAFTS ok=1
Cmd: compileSnippet
  api=4 type=1 insize=6815 outsize=9952 kw=LIGHT_ON_SCREEN SPOT_SHAFTS QUAD_SHAFTS FLIP_WORKAROUND_OFF SHOW_SAMPLES_ON ok=1
Cmd: compileSnippet
  api=0 type=1 insize=6815 outsize=6 kw=LIGHT_ON_SCREEN SPOT_SHAFTS FLIP_WORKAROUND_OFF FRUSTUM_SHAFTS SHOW_SAMPLES_ON ok=1
Cmd: compileSnippet
  api=1 type=1 insize=6815 outsize=4148 kw=LIGHT_ON_SCREEN SPOT_SHAFTS FLIP_WORKAROUND_OFF FRUSTUM_SHAFTS SHOW_SAMPLES_ON ok=1
Cmd: compileSnippet
  api=0 type=1 insize=6815 outsize=6 kw=LIGHT_ON_SCREEN SPOT_SHAFTS FLIP_WORKAROUND_ON FRUSTUM_SHAFTS SHOW_SAMPLES_ON ok=1
Cmd: compileSnippet
  api=1 type=1 insize=6815 outsize=4148 kw=LIGHT_ON_SCREEN SPOT_SHAFTS FLIP_WORKAROUND_ON FRUSTUM_SHAFTS SHOW_SAMPLES_ON ok=1
Cmd: compileSnippet
  api=4 type=1 insize=6815 outsize=9740 kw=DIRECTIONAL_SHAFTS LIGHT_OFF_SCREEN SHOW_SAMPLES_OFF QUAD_SHAFTS FLIP_WORKAROUND_OFF ok=1
Cmd: compileSnippet
  api=4 type=1 insize=6815 outsize=11000 kw=SPOT_SHAFTS LIGHT_OFF_SCREEN SHOW_SAMPLES_OFF QUAD_SHAFTS FLIP_WORKAROUND_ON ok=1
Cmd: compileSnippet
  api=4 type=1 insize=6815 outsize=11276 kw=SPOT_SHAFTS LIGHT_OFF_SCREEN SHOW_SAMPLES_OFF FLIP_WORKAROUND_OFF FRUSTUM_SHAFTS ok=1
Cmd: compileSnippet
  api=0 type=1 insize=6815 outsize=6 kw=SPOT_SHAFTS LIGHT_OFF_SCREEN QUAD_SHAFTS FLIP_WORKAROUND_OFF SHOW_SAMPLES_ON ok=1
Cmd: compileSnippet
  api=1 type=1 insize=6815 outsize=4563 kw=SPOT_SHAFTS LIGHT_OFF_SCREEN QUAD_SHAFTS FLIP_WORKAROUND_OFF SHOW_SAMPLES_ON ok=1
Cmd: compileSnippet
  api=4 type=1 insize=6815 outsize=11528 kw=SPOT_SHAFTS LIGHT_OFF_SCREEN QUAD_SHAFTS FLIP_WORKAROUND_OFF SHOW_SAMPLES_ON ok=1
Cmd: compileSnippet
  api=0 type=1 insize=6815 outsize=6 kw=SPOT_SHAFTS LIGHT_OFF_SCREEN FLIP_WORKAROUND_OFF FRUSTUM_SHAFTS SHOW_SAMPLES_ON ok=1
Cmd: compileSnippet
  api=1 type=1 insize=6815 outsize=4706 kw=SPOT_SHAFTS LIGHT_OFF_SCREEN FLIP_WORKAROUND_OFF FRUSTUM_SHAFTS SHOW_SAMPLES_ON ok=1
Cmd: compileSnippet
  api=0 type=1 insize=6815 outsize=6 kw=SPOT_SHAFTS LIGHT_OFF_SCREEN FLIP_WORKAROUND_ON FRUSTUM_SHAFTS SHOW_SAMPLES_ON ok=1
Cmd: compileSnippet
  api=1 type=1 insize=6815 outsize=4706 kw=SPOT_SHAFTS LIGHT_OFF_SCREEN FLIP_WORKAROUND_ON FRUSTUM_SHAFTS SHOW_SAMPLES_ON ok=1
Cmd: compileSnippet
  api=4 type=1 insize=6815 outsize=11804 kw=SPOT_SHAFTS LIGHT_OFF_SCREEN FLIP_WORKAROUND_ON FRUSTUM_SHAFTS SHOW_SAMPLES_ON ok=1
Cmd: compileSnippet
  api=8 type=0 insize=665 outsize=1625 kw= ok=1
Cmd: compileSnippet
  api=4 type=1 insize=665 outsize=713 kw= ok=1
Cmd: compileSnippet
  api=4 type=0 insize=745 outsize=1550 kw= ok=1
Cmd: compileSnippet
  api=4 type=1 insize=745 outsize=510 kw= ok=1
Cmd: compileSnippet
  api=4 type=0 insize=2462 outsize=665 kw= ok=1
Cmd: compileSnippet
  api=4 type=1 insize=2462 outsize=4524 kw= ok=1
Cmd: compileSnippet
  api=4 type=0 insize=4197 outsize=665 kw=DIRECTIONAL_SHAFTS COLORED_ON ATTENUATION_CURVE_ON COOKIE_TEX_ON ok=1
Cmd: compileSnippet
  api=4 type=0 insize=4197 outsize=665 kw=SPOT_SHAFTS COLORED_ON ATTENUATION_CURVE_ON COOKIE_TEX_ON ok=1
Cmd: compileSnippet
  api=1 type=0 insize=4197 outsize=162 kw=DIRECTIONAL_SHAFTS COLORED_ON ATTENUATION_CURVE_ON COOKIE_TEX_OFF ok=1
Cmd: compileSnippet
  api=4 type=0 insize=4197 outsize=665 kw=DIRECTIONAL_SHAFTS COLORED_ON ATTENUATION_CURVE_ON COOKIE_TEX_OFF ok=1
Cmd: compileSnippet
  api=0 type=0 insize=4197 outsize=5512 kw=SPOT_SHAFTS COLORED_ON ATTENUATION_CURVE_ON COOKIE_TEX_OFF ok=1
Cmd: compileSnippet
  api=0 type=0 insize=4197 outsize=3801 kw=DIRECTIONAL_SHAFTS COLORED_ON COOKIE_TEX_OFF ATTENUATION_CURVE_OFF ok=1
Cmd: compileSnippet
  api=4 type=0 insize=4197 outsize=665 kw=DIRECTIONAL_SHAFTS ATTENUATION_CURVE_ON COOKIE_TEX_ON COLORED_OFF ok=1
Cmd: compileSnippet
  api=1 type=0 insize=4197 outsize=162 kw=SPOT_SHAFTS ATTENUATION_CURVE_ON COOKIE_TEX_ON COLORED_OFF ok=1
Cmd: compileSnippet
  api=4 type=0 insize=4197 outsize=665 kw=SPOT_SHAFTS ATTENUATION_CURVE_ON COOKIE_TEX_ON COLORED_OFF ok=1
Cmd: compileSnippet
  api=0 type=0 insize=4197 outsize=3843 kw=DIRECTIONAL_SHAFTS ATTENUATION_CURVE_ON COOKIE_TEX_OFF COLORED_OFF ok=1
Cmd: compileSnippet
  api=0 type=0 insize=4197 outsize=5236 kw=SPOT_SHAFTS COOKIE_TEX_ON ATTENUATION_CURVE_OFF COLORED_OFF ok=1
Cmd: compileSnippet
  api=4 type=1 insize=4197 outsize=5629 kw=DIRECTIONAL_SHAFTS COLORED_ON ATTENUATION_CURVE_ON COOKIE_TEX_ON ok=1
Cmd: compileSnippet
  api=4 type=1 insize=4197 outsize=7677 kw=SPOT_SHAFTS COLORED_ON ATTENUATION_CURVE_ON COOKIE_TEX_OFF ok=1
Cmd: compileSnippet
  api=4 type=1 insize=4197 outsize=7701 kw=SPOT_SHAFTS COLORED_ON COOKIE_TEX_OFF ATTENUATION_CURVE_OFF ok=1
Cmd: compileSnippet
  api=0 type=1 insize=4197 outsize=6 kw=SPOT_SHAFTS ATTENUATION_CURVE_ON COOKIE_TEX_OFF COLORED_OFF ok=1
Cmd: compileSnippet
  api=1 type=1 insize=4197 outsize=2873 kw=SPOT_SHAFTS ATTENUATION_CURVE_ON COOKIE_TEX_OFF COLORED_OFF ok=1
Cmd: compileSnippet
  api=0 type=1 insize=4197 outsize=6 kw=DIRECTIONAL_SHAFTS COOKIE_TEX_ON ATTENUATION_CURVE_OFF COLORED_OFF ok=1
Cmd: compileSnippet
  api=1 type=1 insize=4197 outsize=1871 kw=DIRECTIONAL_SHAFTS COOKIE_TEX_ON ATTENUATION_CURVE_OFF COLORED_OFF ok=1
Cmd: compileSnippet
  api=0 type=1 insize=4197 outsize=6 kw=SPOT_SHAFTS COOKIE_TEX_ON ATTENUATION_CURVE_OFF COLORED_OFF ok=1
Cmd: compileSnippet
  api=1 type=1 insize=4197 outsize=2769 kw=SPOT_SHAFTS COOKIE_TEX_ON ATTENUATION_CURVE_OFF COLORED_OFF ok=1
Cmd: compileSnippet
  api=0 type=1 insize=4197 outsize=6 kw=DIRECTIONAL_SHAFTS COOKIE_TEX_OFF ATTENUATION_CURVE_OFF COLORED_OFF ok=1
Cmd: compileSnippet
  api=1 type=1 insize=4197 outsize=1871 kw=DIRECTIONAL_SHAFTS COOKIE_TEX_OFF ATTENUATION_CURVE_OFF COLORED_OFF ok=1
Cmd: compileSnippet
  api=4 type=1 insize=4197 outsize=7498 kw=SPOT_SHAFTS COOKIE_TEX_OFF ATTENUATION_CURVE_OFF COLORED_OFF ok=1
Cmd: compileSnippet
  api=4 type=0 insize=1282 outsize=665 kw= ok=1
Unhandled exception: Readfile from pipe failed. GLE=The pipe has been ended.


Quitting shader compiler process
